<?xml version="1.0" encoding="UTF-8"?>
<!-- Generated by org.testng.reporters.JUnitXMLReporter -->
<testsuite ignored="0" hostname="DESKTOP-F1E1BGG" failures="0" tests="4" name="Test" time="12.833" errors="0" timestamp="2023-04-05T07:08:59 IST">
  <testcase classname="test_class.Get_tc1" name="orchestrator" time="5.462"/>
  <testcase classname="test_class.Patch_tc1" name="orchestrator" time="4.229"/>
  <testcase classname="test_class.Post_tc1" name="orchestrator" time="1.543"/>
  <testcase classname="test_class.Put_tc1" name="orchestrator" time="1.241"/>
</testsuite> <!-- Test -->
