<?xml version="1.0" encoding="UTF-8"?>
<testng-results ignored="0" total="4" passed="4" failed="0" skipped="0">
  <reporter-output>
  </reporter-output>
  <suite started-at="2023-04-05T07:08:46 IST" name="Suite" finished-at="2023-04-05T07:08:59 IST" duration-ms="12833">
    <groups>
    </groups>
    <test started-at="2023-04-05T07:08:46 IST" name="Test" finished-at="2023-04-05T07:08:59 IST" duration-ms="12833">
      <class name="test_class.Put_tc1">
        <test-method signature="orchestrator()[pri:0, instance:test_class.Put_tc1@75437611]" started-at="2023-04-05T07:08:58 IST" name="orchestrator" finished-at="2023-04-05T07:08:59 IST" duration-ms="1241" status="PASS">
          <reporter-output>
          </reporter-output>
        </test-method> <!-- orchestrator -->
      </class> <!-- test_class.Put_tc1 -->
      <class name="test_class.Post_tc1">
        <test-method signature="orchestrator()[pri:0, instance:test_class.Post_tc1@742ff096]" started-at="2023-04-05T07:08:56 IST" name="orchestrator" finished-at="2023-04-05T07:08:58 IST" duration-ms="1543" status="PASS">
          <reporter-output>
          </reporter-output>
        </test-method> <!-- orchestrator -->
      </class> <!-- test_class.Post_tc1 -->
      <class name="test_class.Patch_tc1">
        <test-method signature="orchestrator()[pri:0, instance:test_class.Patch_tc1@7bba5817]" started-at="2023-04-05T07:08:52 IST" name="orchestrator" finished-at="2023-04-05T07:08:56 IST" duration-ms="4229" status="PASS">
          <reporter-output>
          </reporter-output>
        </test-method> <!-- orchestrator -->
      </class> <!-- test_class.Patch_tc1 -->
      <class name="test_class.Get_tc1">
        <test-method signature="orchestrator()[pri:0, instance:test_class.Get_tc1@53045c6c]" started-at="2023-04-05T07:08:46 IST" name="orchestrator" finished-at="2023-04-05T07:08:52 IST" duration-ms="5462" status="PASS">
          <reporter-output>
          </reporter-output>
        </test-method> <!-- orchestrator -->
      </class> <!-- test_class.Get_tc1 -->
    </test> <!-- Test -->
  </suite> <!-- Suite -->
</testng-results>
